<?xml version="1.0" encoding="UTF-8" ?>
<testsuite errors="0" failures="0" hostname="Class2-2" name="com.hillel.AlgorithmTest" skipped="0" tests="2" time="0.04" timestamp="2017-11-05T17:01:25">
  <properties>
[...]
</properties>
  <testcase classname="com.hillel.AlgorithmTest" name="testTheAlgorithmIncorrect" time="0.001" />
  <testcase classname="com.hillel.AlgorithmTest" name="testTheAlgorithmCorrect" time="0.0" />
  <system-out><![CDATA[]]></system-out>
  <system-err><![CDATA[]]></system-err>
</testsuite>
